[0m09:25:50.947871 [debug] [MainThread]: Sending event: {'category': 'dbt', 'action': 'invocation', 'label': 'start', 'context': [<snowplow_tracker.self_describing_json.SelfDescribingJson object at 0x112cb69d0>, <snowplow_tracker.self_describing_json.SelfDescribingJson object at 0x112cd5dd0>, <snowplow_tracker.self_describing_json.SelfDescribingJson object at 0x112cd6310>]}


============================== 09:25:50.950698 | 4259959e-f79b-4c54-864c-112fdb83c014 ==============================
[0m09:25:50.950698 [info ] [MainThread]: Running with dbt=1.11.11
[0m09:25:50.951024 [debug] [MainThread]: running dbt with arguments {'profiles_dir': '/Users/umaobbani/.dbt', 'write_json': 'True', 'target_path': 'None', 'use_experimental_parser': 'False', 'static_parser': 'True', 'version_check': 'True', 'log_cache_events': 'False', 'empty': 'False', 'no_print': 'None', 'printer_width': '80', 'debug': 'False', 'cache_selected_only': 'False', 'use_colors': 'True', 'indirect_selection': 'eager', 'introspect': 'True', 'partial_parse': 'True', 'fail_fast': 'False', 'log_format': 'default', 'log_path': 'logs', 'invocation_command': 'dbt run --select staging', 'send_anonymous_usage_stats': 'True', 'warn_error_options': 'WarnErrorOptionsV2(error=[], warn=[], silence=[])', 'quiet': 'False', 'warn_error': 'None'}
[0m09:25:50.951322 [error] [MainThread]: Encountered an error:
Runtime Error
  No dbt_project.yml found at expected path /Users/umaobbani/analytics-engineering/dbt_project.yml
  Verify that each entry within packages.yml (and their transitive dependencies) contains a file named dbt_project.yml
  
[0m09:25:50.958609 [debug] [MainThread]: Resource report: {"command_name": "run", "command_success": false, "command_wall_clock_time": 0.060702458, "process_in_blocks": "0", "process_kernel_time": 0.137561, "process_mem_max_rss": "113606656", "process_out_blocks": "0", "process_user_time": 0.643721}
[0m09:25:50.958926 [debug] [MainThread]: Command `dbt run` failed at 09:25:50.958866 after 0.06 seconds
[0m09:25:50.959131 [debug] [MainThread]: Sending event: {'category': 'dbt', 'action': 'invocation', 'label': 'end', 'context': [<snowplow_tracker.self_describing_json.SelfDescribingJson object at 0x112bf67d0>, <snowplow_tracker.self_describing_json.SelfDescribingJson object at 0x112d1a750>, <snowplow_tracker.self_describing_json.SelfDescribingJson object at 0x112b32950>]}
[0m09:25:50.959329 [debug] [MainThread]: Flushing usage events
[0m09:25:51.425496 [debug] [MainThread]: An error was encountered while trying to flush usage events
[0m13:45:23.461783 [debug] [MainThread]: Sending event: {'category': 'dbt', 'action': 'invocation', 'label': 'start', 'context': [<snowplow_tracker.self_describing_json.SelfDescribingJson object at 0x109920c10>, <snowplow_tracker.self_describing_json.SelfDescribingJson object at 0x1096b5e50>, <snowplow_tracker.self_describing_json.SelfDescribingJson object at 0x1099a5b90>]}


============================== 13:45:23.464874 | 31203d5b-8964-4997-a5e3-d73a74e52c41 ==============================
[0m13:45:23.464874 [info ] [MainThread]: Running with dbt=1.11.11
[0m13:45:23.465210 [debug] [MainThread]: running dbt with arguments {'fail_fast': 'False', 'target_path': 'None', 'write_json': 'True', 'log_path': 'logs', 'invocation_command': 'dbt debug', 'warn_error': 'None', 'printer_width': '80', 'partial_parse': 'True', 'introspect': 'True', 'indirect_selection': 'eager', 'static_parser': 'True', 'cache_selected_only': 'False', 'debug': 'False', 'warn_error_options': 'WarnErrorOptionsV2(error=[], warn=[], silence=[])', 'log_cache_events': 'False', 'empty': 'None', 'version_check': 'True', 'use_experimental_parser': 'False', 'profiles_dir': '/Users/umaobbani/.dbt', 'no_print': 'None', 'use_colors': 'True', 'send_anonymous_usage_stats': 'True', 'quiet': 'False', 'log_format': 'default'}
[0m13:45:23.477470 [info ] [MainThread]: dbt version: 1.11.11
[0m13:45:23.477749 [info ] [MainThread]: python version: 3.11.13
[0m13:45:23.477915 [info ] [MainThread]: python path: /Users/umaobbani/E-commerce Analytics/venv/bin/python3
[0m13:45:23.478067 [info ] [MainThread]: os info: macOS-15.7.3-arm64-arm-64bit
[0m13:45:24.264365 [info ] [MainThread]: Error importing adapter: No module named 'dbt.adapters.snowflake'
[0m13:45:24.264707 [info ] [MainThread]: Using profiles dir at /Users/umaobbani/.dbt
[0m13:45:24.264860 [info ] [MainThread]: Using profiles.yml file at /Users/umaobbani/.dbt/profiles.yml
[0m13:45:24.264992 [info ] [MainThread]: Using dbt_project.yml file at /Users/umaobbani/E-commerce Analytics/dbt_project.yml
[0m13:45:24.265122 [info ] [MainThread]: Configuration:
[0m13:45:24.265244 [info ] [MainThread]:   profiles.yml file [[31mERROR invalid[0m]
[0m13:45:24.265362 [info ] [MainThread]:   dbt_project.yml file [[31mERROR not found[0m]
[0m13:45:24.265477 [info ] [MainThread]: Required dependencies:
[0m13:45:24.265621 [debug] [MainThread]: Executing "git --help"
[0m13:45:24.284409 [debug] [MainThread]: STDOUT: "b"usage: git [-v | --version] [-h | --help] [-C <path>] [-c <name>=<value>]\n           [--exec-path[=<path>]] [--html-path] [--man-path] [--info-path]\n           [-p | --paginate | -P | --no-pager] [--no-replace-objects] [--no-lazy-fetch]\n           [--no-optional-locks] [--no-advice] [--bare] [--git-dir=<path>]\n           [--work-tree=<path>] [--namespace=<name>] [--config-env=<name>=<envvar>]\n           <command> [<args>]\n\nThese are common Git commands used in various situations:\n\nstart a working area (see also: git help tutorial)\n   clone      Clone a repository into a new directory\n   init       Create an empty Git repository or reinitialize an existing one\n\nwork on the current change (see also: git help everyday)\n   add        Add file contents to the index\n   mv         Move or rename a file, a directory, or a symlink\n   restore    Restore working tree files\n   rm         Remove files from the working tree and from the index\n\nexamine the history and state (see also: git help revisions)\n   bisect     Use binary search to find the commit that introduced a bug\n   diff       Show changes between commits, commit and working tree, etc\n   grep       Print lines matching a pattern\n   log        Show commit logs\n   show       Show various types of objects\n   status     Show the working tree status\n\ngrow, mark and tweak your common history\n   backfill   Download missing objects in a partial clone\n   branch     List, create, or delete branches\n   commit     Record changes to the repository\n   merge      Join two or more development histories together\n   rebase     Reapply commits on top of another base tip\n   reset      Reset current HEAD to the specified state\n   switch     Switch branches\n   tag        Create, list, delete or verify a tag object signed with GPG\n\ncollaborate (see also: git help workflows)\n   fetch      Download objects and refs from another repository\n   pull       Fetch from and integrate with another repository or a local branch\n   push       Update remote refs along with associated objects\n\n'git help -a' and 'git help -g' list available subcommands and some\nconcept guides. See 'git help <command>' or 'git help <concept>'\nto read about a specific subcommand or concept.\nSee 'git help git' for an overview of the system.\n""
[0m13:45:24.284983 [debug] [MainThread]: STDERR: "b''"
[0m13:45:24.285224 [info ] [MainThread]:  - git [[32mOK found[0m]

[0m13:45:24.285520 [info ] [MainThread]: Connection test skipped since no profile was found
[0m13:45:24.285806 [info ] [MainThread]: [31m2 checks failed:[0m
[0m13:45:24.286231 [info ] [MainThread]: Could not load dbt_project.yml
Profile loading failed for the following reason:
Runtime Error
  Credentials in profile "eth_test", target "dev" invalid: Runtime Error
    Could not find adapter type snowflake!


[0m13:45:24.286494 [info ] [MainThread]: Project loading failed for the following reason:
 project path </Users/umaobbani/E-commerce Analytics/dbt_project.yml> not found

[0m13:45:24.294854 [debug] [MainThread]: Resource report: {"command_name": "debug", "command_success": false, "command_wall_clock_time": 0.87653506, "process_in_blocks": "0", "process_kernel_time": 0.253529, "process_mem_max_rss": "209764352", "process_out_blocks": "0", "process_user_time": 1.077788}
[0m13:45:24.295535 [debug] [MainThread]: Command `dbt debug` failed at 13:45:24.295472 after 0.88 seconds
[0m13:45:24.295818 [debug] [MainThread]: Sending event: {'category': 'dbt', 'action': 'invocation', 'label': 'end', 'context': [<snowplow_tracker.self_describing_json.SelfDescribingJson object at 0x1099a6690>, <snowplow_tracker.self_describing_json.SelfDescribingJson object at 0x1099a5f90>, <snowplow_tracker.self_describing_json.SelfDescribingJson object at 0x104fe2c50>]}
[0m13:45:24.296061 [debug] [MainThread]: Flushing usage events
[0m13:45:24.793847 [debug] [MainThread]: An error was encountered while trying to flush usage events
[0m13:46:55.002896 [debug] [MainThread]: Sending event: {'category': 'dbt', 'action': 'invocation', 'label': 'start', 'context': [<snowplow_tracker.self_describing_json.SelfDescribingJson object at 0x109c71e10>, <snowplow_tracker.self_describing_json.SelfDescribingJson object at 0x109c719d0>, <snowplow_tracker.self_describing_json.SelfDescribingJson object at 0x10a0660d0>]}


============================== 13:46:55.005883 | 45f273c9-61a8-4c70-943f-c4c182ed0da7 ==============================
[0m13:46:55.005883 [info ] [MainThread]: Running with dbt=1.11.11
[0m13:46:55.006205 [debug] [MainThread]: running dbt with arguments {'use_colors': 'True', 'quiet': 'False', 'log_format': 'default', 'no_print': 'None', 'printer_width': '80', 'invocation_command': 'dbt init', 'cache_selected_only': 'False', 'introspect': 'True', 'use_experimental_parser': 'False', 'debug': 'False', 'log_path': 'logs', 'target_path': 'None', 'version_check': 'True', 'static_parser': 'True', 'profiles_dir': '/Users/umaobbani/.dbt', 'send_anonymous_usage_stats': 'True', 'fail_fast': 'False', 'log_cache_events': 'False', 'indirect_selection': 'eager', 'partial_parse': 'True', 'warn_error': 'None', 'write_json': 'True', 'empty': 'None', 'warn_error_options': 'WarnErrorOptionsV2(error=[], warn=[], silence=[])'}
[0m13:49:05.738110 [debug] [MainThread]: Starter project path: /Users/umaobbani/E-commerce Analytics/venv/lib/python3.11/site-packages/dbt/include/starter_project
[0m13:49:05.750915 [info ] [MainThread]: 
Your new dbt project "exit" was created!

For more information on how to configure the profiles.yml file,
please consult the dbt documentation here:

  https://docs.getdbt.com/docs/configure-your-profile

One more thing:

Need help? Don't hesitate to reach out to us via GitHub issues or on Slack:

  https://community.getdbt.com/

Happy modeling!

[0m13:49:05.751357 [info ] [MainThread]: Setting up your profile.
[0m13:49:14.238762 [error] [MainThread]: Encountered an error:

[0m13:49:14.244584 [error] [MainThread]: Traceback (most recent call last):
  File "/Users/umaobbani/E-commerce Analytics/venv/lib/python3.11/site-packages/dbt/cli/requires.py", line 182, in wrapper
    result, success = func(*args, **kwargs)
                      ^^^^^^^^^^^^^^^^^^^^^
  File "/Users/umaobbani/E-commerce Analytics/venv/lib/python3.11/site-packages/dbt/cli/requires.py", line 128, in wrapper
    return func(*args, **kwargs)
           ^^^^^^^^^^^^^^^^^^^^^
  File "/Users/umaobbani/E-commerce Analytics/venv/lib/python3.11/site-packages/dbt/cli/main.py", line 488, in init
    results = task.run()
              ^^^^^^^^^^
  File "/Users/umaobbani/E-commerce Analytics/venv/lib/python3.11/site-packages/dbt/task/init.py", line 346, in run
    self.setup_profile(profile_name)
  File "/Users/umaobbani/E-commerce Analytics/venv/lib/python3.11/site-packages/dbt/task/init.py", line 261, in setup_profile
    adapter = self.ask_for_adapter_choice()
              ^^^^^^^^^^^^^^^^^^^^^^^^^^^^^
  File "/Users/umaobbani/E-commerce Analytics/venv/lib/python3.11/site-packages/dbt/task/init.py", line 242, in ask_for_adapter_choice
    numeric_choice = click.prompt(prompt_msg, type=click.INT)
                     ^^^^^^^^^^^^^^^^^^^^^^^^^^^^^^^^^^^^^^^^
  File "/Users/umaobbani/E-commerce Analytics/venv/lib/python3.11/site-packages/click/termui.py", line 218, in prompt
    value = prompt_func(prompt)
            ^^^^^^^^^^^^^^^^^^^
  File "/Users/umaobbani/E-commerce Analytics/venv/lib/python3.11/site-packages/click/termui.py", line 201, in prompt_func
    raise Abort() from None
click.exceptions.Abort

[0m13:49:14.250025 [debug] [MainThread]: Resource report: {"command_name": "init", "command_success": false, "command_wall_clock_time": 139.28435, "process_in_blocks": "0", "process_kernel_time": 0.150936, "process_mem_max_rss": "113180672", "process_out_blocks": "0", "process_user_time": 0.683911}
[0m13:49:14.250663 [debug] [MainThread]: Command `dbt init` failed at 13:49:14.250565 after 139.29 seconds
[0m13:49:14.251319 [debug] [MainThread]: Sending event: {'category': 'dbt', 'action': 'invocation', 'label': 'end', 'context': [<snowplow_tracker.self_describing_json.SelfDescribingJson object at 0x10a097790>, <snowplow_tracker.self_describing_json.SelfDescribingJson object at 0x10a097b50>, <snowplow_tracker.self_describing_json.SelfDescribingJson object at 0x109c71750>]}
[0m13:49:14.251932 [debug] [MainThread]: Flushing usage events
[0m13:49:14.740555 [debug] [MainThread]: An error was encountered while trying to flush usage events
[0m14:34:58.748213 [debug] [MainThread]: Sending event: {'category': 'dbt', 'action': 'invocation', 'label': 'start', 'context': [<snowplow_tracker.self_describing_json.SelfDescribingJson object at 0x105fe0550>, <snowplow_tracker.self_describing_json.SelfDescribingJson object at 0x1060ba450>, <snowplow_tracker.self_describing_json.SelfDescribingJson object at 0x1060ba910>]}


============================== 14:34:58.756758 | 5b8a129a-01ac-459e-a03b-3e4a13855344 ==============================
[0m14:34:58.756758 [info ] [MainThread]: Running with dbt=1.11.11
[0m14:34:58.757876 [debug] [MainThread]: running dbt with arguments {'empty': 'False', 'send_anonymous_usage_stats': 'True', 'profiles_dir': '/Users/umaobbani/.dbt', 'target_path': 'None', 'warn_error': 'None', 'printer_width': '80', 'log_cache_events': 'False', 'invocation_command': 'dbt run --select staging', 'warn_error_options': 'WarnErrorOptionsV2(error=[], warn=[], silence=[])', 'log_format': 'default', 'debug': 'False', 'introspect': 'True', 'use_experimental_parser': 'False', 'cache_selected_only': 'False', 'indirect_selection': 'eager', 'version_check': 'True', 'quiet': 'False', 'partial_parse': 'True', 'log_path': 'logs', 'fail_fast': 'False', 'write_json': 'True', 'no_print': 'None', 'use_colors': 'True', 'static_parser': 'True'}
[0m14:34:58.758743 [error] [MainThread]: Encountered an error:
Runtime Error
  No dbt_project.yml found at expected path /Users/umaobbani/E-commerce Analytics/dbt_project.yml
  Verify that each entry within packages.yml (and their transitive dependencies) contains a file named dbt_project.yml
  
[0m14:34:58.762992 [debug] [MainThread]: Resource report: {"command_name": "run", "command_success": false, "command_wall_clock_time": 0.15205558, "process_in_blocks": "0", "process_kernel_time": 0.408331, "process_mem_max_rss": "113229824", "process_out_blocks": "0", "process_user_time": 1.92654}
[0m14:34:58.764266 [debug] [MainThread]: Command `dbt run` failed at 14:34:58.764042 after 0.15 seconds
[0m14:34:58.765023 [debug] [MainThread]: Sending event: {'category': 'dbt', 'action': 'invocation', 'label': 'end', 'context': [<snowplow_tracker.self_describing_json.SelfDescribingJson object at 0x1060ba990>, <snowplow_tracker.self_describing_json.SelfDescribingJson object at 0x1060b9210>, <snowplow_tracker.self_describing_json.SelfDescribingJson object at 0x1060f2f50>]}
[0m14:34:58.765712 [debug] [MainThread]: Flushing usage events
[0m14:34:59.266054 [debug] [MainThread]: An error was encountered while trying to flush usage events
